/!\ FAILSAFE /!\  Tue Jan 26 23:15:25 -0600 2010
  Status: 500 Internal Server Error
  Unknown database 'at_work_development'
    /Library/Ruby/Gems/1.8/gems/activerecord-2.3.4/lib/active_record/connection_adapters/mysql_adapter.rb:585:in `real_connect'
    /Library/Ruby/Gems/1.8/gems/activerecord-2.3.4/lib/active_record/connection_adapters/mysql_adapter.rb:585:in `connect'
    /Library/Ruby/Gems/1.8/gems/activerecord-2.3.4/lib/active_record/connection_adapters/mysql_adapter.rb:199:in `initialize'
    /Library/Ruby/Gems/1.8/gems/activerecord-2.3.4/lib/active_record/connection_adapters/mysql_adapter.rb:71:in `new'
    /Library/Ruby/Gems/1.8/gems/activerecord-2.3.4/lib/active_record/connection_adapters/mysql_adapter.rb:71:in `mysql_connection'
    /Library/Ruby/Gems/1.8/gems/activerecord-2.3.4/lib/active_record/connection_adapters/abstract/connection_pool.rb:223:in `send'
    /Library/Ruby/Gems/1.8/gems/activerecord-2.3.4/lib/active_record/connection_adapters/abstract/connection_pool.rb:223:in `new_connection'
    /Library/Ruby/Gems/1.8/gems/activerecord-2.3.4/lib/active_record/connection_adapters/abstract/connection_pool.rb:245:in `checkout_new_connection'
    /Library/Ruby/Gems/1.8/gems/activerecord-2.3.4/lib/active_record/connection_adapters/abstract/connection_pool.rb:188:in `checkout'
    /Library/Ruby/Gems/1.8/gems/activerecord-2.3.4/lib/active_record/connection_adapters/abstract/connection_pool.rb:184:in `loop'
    /Library/Ruby/Gems/1.8/gems/activerecord-2.3.4/lib/active_record/connection_adapters/abstract/connection_pool.rb:184:in `checkout'
    /System/Library/Frameworks/Ruby.framework/Versions/1.8/usr/lib/ruby/1.8/monitor.rb:242:in `synchronize'
    /Library/Ruby/Gems/1.8/gems/activerecord-2.3.4/lib/active_record/connection_adapters/abstract/connection_pool.rb:183:in `checkout'
    /Library/Ruby/Gems/1.8/gems/activerecord-2.3.4/lib/active_record/connection_adapters/abstract/connection_pool.rb:98:in `connection'
    /Library/Ruby/Gems/1.8/gems/activerecord-2.3.4/lib/active_record/connection_adapters/abstract/connection_pool.rb:326:in `retrieve_connection'
    /Library/Ruby/Gems/1.8/gems/activerecord-2.3.4/lib/active_record/connection_adapters/abstract/connection_specification.rb:123:in `retrieve_connection'
    /Library/Ruby/Gems/1.8/gems/activerecord-2.3.4/lib/active_record/connection_adapters/abstract/connection_specification.rb:115:in `connection'
    /Library/Ruby/Gems/1.8/gems/activerecord-2.3.4/lib/active_record/query_cache.rb:9:in `cache'
    /Library/Ruby/Gems/1.8/gems/activerecord-2.3.4/lib/active_record/query_cache.rb:28:in `call'
    /Library/Ruby/Gems/1.8/gems/activerecord-2.3.4/lib/active_record/connection_adapters/abstract/connection_pool.rb:361:in `call'
    /Library/Ruby/Gems/1.8/gems/rack-1.0.0/lib/rack/head.rb:9:in `call'
    /Library/Ruby/Gems/1.8/gems/rack-1.0.0/lib/rack/methodoverride.rb:24:in `call'
    /Library/Ruby/Gems/1.8/gems/actionpack-2.3.4/lib/action_controller/params_parser.rb:15:in `call'
    /Library/Ruby/Gems/1.8/gems/actionpack-2.3.4/lib/action_controller/session/cookie_store.rb:93:in `call'
    /Library/Ruby/Gems/1.8/gems/actionpack-2.3.4/lib/action_controller/failsafe.rb:26:in `call'
    /Library/Ruby/Gems/1.8/gems/rack-1.0.0/lib/rack/lock.rb:11:in `call'
    /Library/Ruby/Gems/1.8/gems/rack-1.0.0/lib/rack/lock.rb:11:in `synchronize'
    /Library/Ruby/Gems/1.8/gems/rack-1.0.0/lib/rack/lock.rb:11:in `call'
    /Library/Ruby/Gems/1.8/gems/actionpack-2.3.4/lib/action_controller/dispatcher.rb:114:in `call'
    /Library/Ruby/Gems/1.8/gems/actionpack-2.3.4/lib/action_controller/reloader.rb:34:in `run'
    /Library/Ruby/Gems/1.8/gems/actionpack-2.3.4/lib/action_controller/dispatcher.rb:108:in `call'
    /Library/Ruby/Gems/1.8/gems/rails-2.3.4/lib/rails/rack/static.rb:31:in `call'
    /Library/Ruby/Gems/1.8/gems/rack-1.0.0/lib/rack/urlmap.rb:46:in `call'
    /Library/Ruby/Gems/1.8/gems/rack-1.0.0/lib/rack/urlmap.rb:40:in `each'
    /Library/Ruby/Gems/1.8/gems/rack-1.0.0/lib/rack/urlmap.rb:40:in `call'
    /Library/Ruby/Gems/1.8/gems/rails-2.3.4/lib/rails/rack/log_tailer.rb:17:in `call'
    /Library/Ruby/Gems/1.8/gems/rack-1.0.0/lib/rack/content_length.rb:13:in `call'
    /Library/Ruby/Gems/1.8/gems/rack-1.0.0/lib/rack/chunked.rb:15:in `call'
    /Library/Ruby/Gems/1.8/gems/rack-1.0.0/lib/rack/handler/mongrel.rb:61:in `process'
    /System/Library/Frameworks/Ruby.framework/Versions/1.8/usr/lib/ruby/gems/1.8/gems/mongrel-1.1.5/lib/mongrel.rb:159:in `process_client'
    /System/Library/Frameworks/Ruby.framework/Versions/1.8/usr/lib/ruby/gems/1.8/gems/mongrel-1.1.5/lib/mongrel.rb:158:in `each'
    /System/Library/Frameworks/Ruby.framework/Versions/1.8/usr/lib/ruby/gems/1.8/gems/mongrel-1.1.5/lib/mongrel.rb:158:in `process_client'
    /System/Library/Frameworks/Ruby.framework/Versions/1.8/usr/lib/ruby/gems/1.8/gems/mongrel-1.1.5/lib/mongrel.rb:285:in `run'
    /System/Library/Frameworks/Ruby.framework/Versions/1.8/usr/lib/ruby/gems/1.8/gems/mongrel-1.1.5/lib/mongrel.rb:285:in `initialize'
    /System/Library/Frameworks/Ruby.framework/Versions/1.8/usr/lib/ruby/gems/1.8/gems/mongrel-1.1.5/lib/mongrel.rb:285:in `new'
    /System/Library/Frameworks/Ruby.framework/Versions/1.8/usr/lib/ruby/gems/1.8/gems/mongrel-1.1.5/lib/mongrel.rb:285:in `run'
    /System/Library/Frameworks/Ruby.framework/Versions/1.8/usr/lib/ruby/gems/1.8/gems/mongrel-1.1.5/lib/mongrel.rb:268:in `initialize'
    /System/Library/Frameworks/Ruby.framework/Versions/1.8/usr/lib/ruby/gems/1.8/gems/mongrel-1.1.5/lib/mongrel.rb:268:in `new'
    /System/Library/Frameworks/Ruby.framework/Versions/1.8/usr/lib/ruby/gems/1.8/gems/mongrel-1.1.5/lib/mongrel.rb:268:in `run'
    /Library/Ruby/Gems/1.8/gems/rack-1.0.0/lib/rack/handler/mongrel.rb:34:in `run'
    /Library/Ruby/Gems/1.8/gems/rails-2.3.4/lib/commands/server.rb:111
    /Library/Ruby/Site/1.8/rubygems/custom_require.rb:31:in `gem_original_require'
    /Library/Ruby/Site/1.8/rubygems/custom_require.rb:31:in `require'
    script/server:3
  [4;36;1mSQL (0.2ms)[0m   [0;1mSET NAMES 'utf8'[0m
  [4;35;1mSQL (1.5ms)[0m   [0mSET SQL_AUTO_IS_NULL=0[0m
  [4;36;1mSQL (0.6ms)[0m   [0;1mSHOW TABLES[0m
  [4;35;1mSQL (125.4ms)[0m   [0mCREATE TABLE `accomplishments` (`id` int(11) DEFAULT NULL auto_increment PRIMARY KEY, `accomplishment` text, `user_id` int(11), `created_at` datetime, `updated_at` datetime) ENGINE=InnoDB[0m
  [4;36;1mSQL (1.4ms)[0m   [0;1mSHOW TABLES[0m
  [4;35;1mSQL (3.1ms)[0m   [0mCREATE TABLE `users` (`id` int(11) DEFAULT NULL auto_increment PRIMARY KEY, `email` varchar(100), `first_name` varchar(100), `last_name` varchar(100), `permanent_login` varchar(255), `crypted_password` varchar(50), `current_status` text, `created_at` datetime, `updated_at` datetime, `remember_token` varchar(255), `remember_token_expires_at` datetime) ENGINE=InnoDB[0m
  [4;36;1mSQL (0.5ms)[0m   [0;1mSHOW TABLES[0m
  [4;35;1mSQL (2.4ms)[0m   [0mCREATE TABLE `schema_migrations` (`version` varchar(255) NOT NULL) ENGINE=InnoDB[0m
  [4;36;1mSQL (6.7ms)[0m   [0;1mCREATE UNIQUE INDEX `unique_schema_migrations` ON `schema_migrations` (`version`)[0m
  [4;35;1mSQL (0.6ms)[0m   [0mSHOW TABLES[0m
  [4;36;1mSQL (0.6ms)[0m   [0;1mSELECT version FROM `schema_migrations`[0m
  [4;35;1mSQL (0.7ms)[0m   [0mINSERT INTO `schema_migrations` (version) VALUES ('4')[0m
  [4;36;1mSQL (0.5ms)[0m   [0;1mINSERT INTO `schema_migrations` (version) VALUES ('1')[0m
  [4;35;1mSQL (0.5ms)[0m   [0mINSERT INTO `schema_migrations` (version) VALUES ('2')[0m
  [4;36;1mSQL (0.8ms)[0m   [0;1mINSERT INTO `schema_migrations` (version) VALUES ('3')[0m
  [4;36;1mSQL (0.5ms)[0m   [0;1mSET NAMES 'utf8'[0m
  [4;35;1mSQL (0.2ms)[0m   [0mSET SQL_AUTO_IS_NULL=0[0m


Processing ApplicationController#index (for 127.0.0.1 at 2010-01-26 23:16:38) [GET]
  [4;36;1mUser Columns (3.4ms)[0m   [0;1mSHOW FIELDS FROM `users`[0m
  [4;35;1mUser Load (1.1ms)[0m   [0mSELECT * FROM `users` WHERE (`users`.`remember_token` = '009aa0b133c96657e0116dd2f05df813fcc3c7cc') LIMIT 1[0m
Redirected to http://localhost:3000/login
Filter chain halted as [:login_required] rendered_or_redirected.
Completed in 129ms (DB: 5) | 302 Found [http://localhost/]
  [4;36;1mSQL (0.2ms)[0m   [0;1mSET NAMES 'utf8'[0m
  [4;35;1mSQL (0.2ms)[0m   [0mSET SQL_AUTO_IS_NULL=0[0m


Processing LoginController#new (for 127.0.0.1 at 2010-01-26 23:16:38) [GET]
Rendering template within layouts/application
Rendering login/new

ActionView::TemplateError (uninitialized constant ActionView::Base::CompiledTemplates::ORGANIZATION) on line #4 of app/views/layouts/application.rhtml:
1: <!DOCTYPE html PUBLIC "-//W3C//DTD XHTML 1.0 Strict//EN" "http://www.w3.org/TR/xhtml1/DTD/xhtml1-strict.dtd">
2: <html xmlns="http://www.w3.org/1999/xhtml">
3: <head>
4:     <title><%= ORGANIZATION %> at Work</title>
5:     <meta http-equiv="Content-Type" content="text/html; charset=UTF-8"/>
6:     <%= stylesheet_link_tag 'application' %>
7:     <%= javascript_include_tag :defaults %>

    app/views/layouts/application.rhtml:4:in `_run_rhtml_app47views47layouts47application46rhtml'

Rendered rescues/_trace (116.9ms)
Rendered rescues/_request_and_response (2.8ms)
Rendering rescues/layout (internal_server_error)
  [4;36;1mSQL (0.5ms)[0m   [0;1mSET NAMES 'utf8'[0m
  [4;35;1mSQL (0.2ms)[0m   [0mSET SQL_AUTO_IS_NULL=0[0m


Processing LoginController#new (for 127.0.0.1 at 2010-01-26 23:17:39) [GET]
Rendering template within layouts/application
Rendering login/new
  [4;36;1mUser Columns (7.8ms)[0m   [0;1mSHOW FIELDS FROM `users`[0m
  [4;35;1mUser Load (0.6ms)[0m   [0mSELECT * FROM `users` WHERE (`users`.`remember_token` = '009aa0b133c96657e0116dd2f05df813fcc3c7cc') LIMIT 1[0m
Completed in 122ms (View: 109, DB: 9) | 200 OK [http://localhost/login]
  [4;36;1mSQL (0.3ms)[0m   [0;1mSET NAMES 'utf8'[0m
  [4;35;1mSQL (0.2ms)[0m   [0mSET SQL_AUTO_IS_NULL=0[0m


Processing LoginController#new (for 127.0.0.1 at 2010-01-26 23:18:19) [GET]
Rendering template within layouts/application
Rendering login/new
  [4;36;1mUser Columns (62.8ms)[0m   [0;1mSHOW FIELDS FROM `users`[0m
  [4;35;1mUser Load (75.2ms)[0m   [0mSELECT * FROM `users` WHERE (`users`.`remember_token` = '009aa0b133c96657e0116dd2f05df813fcc3c7cc') LIMIT 1[0m
Completed in 495ms (View: 352, DB: 138) | 200 OK [http://localhost/login]
  [4;36;1mSQL (0.2ms)[0m   [0;1mSET NAMES 'utf8'[0m
  [4;35;1mSQL (0.3ms)[0m   [0mSET SQL_AUTO_IS_NULL=0[0m


Processing LoginController#new (for 127.0.0.1 at 2010-01-26 23:21:02) [GET]
Rendering template within layouts/application
Rendering login/new
  [4;36;1mUser Columns (5.6ms)[0m   [0;1mSHOW FIELDS FROM `users`[0m
  [4;35;1mUser Load (0.5ms)[0m   [0mSELECT * FROM `users` WHERE (`users`.`remember_token` = '009aa0b133c96657e0116dd2f05df813fcc3c7cc') LIMIT 1[0m
Completed in 41ms (View: 30, DB: 7) | 200 OK [http://localhost/login]
  [4;36;1mSQL (0.7ms)[0m   [0;1mSET NAMES 'utf8'[0m
  [4;35;1mSQL (0.2ms)[0m   [0mSET SQL_AUTO_IS_NULL=0[0m
  [4;36;1mUser Columns (5.2ms)[0m   [0;1mSHOW FIELDS FROM `users`[0m
  [4;35;1mUser Load (1.0ms)[0m   [0mSELECT * FROM `users` WHERE (`users`.`id` = 1) [0m
  [4;36;1mSQL (0.5ms)[0m   [0;1mSET NAMES 'utf8'[0m
  [4;35;1mSQL (0.2ms)[0m   [0mSET SQL_AUTO_IS_NULL=0[0m


Processing LoginController#create (for 127.0.0.1 at 2010-01-26 23:25:34) [POST]
  Parameters: {"commit"=>"Log in", "authenticity_token"=>"MvKeEm3Jz+9ZYbg+OX/0IbZvAao4NSHrAzbc/sWmee8=", "login"=>"admin@company.com", "password"=>"password"}
  [4;36;1mUser Columns (3.4ms)[0m   [0;1mSHOW FIELDS FROM `users`[0m
  [4;35;1mUser Load (0.9ms)[0m   [0mSELECT * FROM `users` WHERE (`users`.`email` = 'admin@company.com') LIMIT 1[0m
Redirected to http://localhost:3000/
Completed in 36ms (DB: 5) | 302 Found [http://localhost/login/create]
  [4;36;1mSQL (0.2ms)[0m   [0;1mSET NAMES 'utf8'[0m
  [4;35;1mSQL (0.2ms)[0m   [0mSET SQL_AUTO_IS_NULL=0[0m


Processing ApplicationController#index (for 127.0.0.1 at 2010-01-26 23:25:34) [GET]
  [4;36;1mUser Columns (4.3ms)[0m   [0;1mSHOW FIELDS FROM `users`[0m
  [4;35;1mUser Load (1.6ms)[0m   [0mSELECT * FROM `users` WHERE (`users`.`id` = 1) LIMIT 1[0m
  [4;36;1mAccomplishment Load (1.0ms)[0m   [0;1mSELECT * FROM `accomplishments` WHERE (created_at > '2010-01-17 23:25:34') ORDER BY created_at DESC[0m
  [4;35;1mUser Load (0.5ms)[0m   [0mSELECT * FROM `users` WHERE (current_status is not null) ORDER BY first_name[0m
Rendering template within layouts/application
Rendering application/index
Rendered application/_timeline (8.5ms)
Rendered application/_everyone (3.4ms)
Completed in 188ms (View: 89, DB: 8) | 200 OK [http://localhost/]
  [4;36;1mSQL (0.4ms)[0m   [0;1mSET NAMES 'utf8'[0m
  [4;35;1mSQL (0.3ms)[0m   [0mSET SQL_AUTO_IS_NULL=0[0m


Processing ApplicationController#set_user_current_status (for 127.0.0.1 at 2010-01-26 23:25:47) [POST]
  Parameters: {"authenticity_token"=>"MvKeEm3Jz+9ZYbg+OX/0IbZvAao4NSHrAzbc/sWmee8=", "id"=>"1", "value"=>"Doing it all", "_"=>"", "editorId"=>"user_current_status_1_in_place_editor"}
  [4;36;1mUser Columns (5.1ms)[0m   [0;1mSHOW FIELDS FROM `users`[0m
  [4;35;1mUser Load (1.9ms)[0m   [0mSELECT * FROM `users` WHERE (`users`.`id` = 1) LIMIT 1[0m
  [4;36;1mSQL (0.2ms)[0m   [0;1mBEGIN[0m
  [4;35;1mUser Load (0.9ms)[0m   [0mSELECT `users`.id FROM `users` WHERE (LOWER(`users`.`email`) = BINARY 'admin@company.com' AND `users`.id <> 1) LIMIT 1[0m
  [4;36;1mUser Update (0.5ms)[0m   [0;1mUPDATE `users` SET `updated_at` = '2010-01-26 23:25:47', `current_status` = 'Doing it all' WHERE `id` = 1[0m
  [4;35;1mSQL (3.6ms)[0m   [0mCOMMIT[0m
  [4;36;1mAccomplishment Columns (2.8ms)[0m   [0;1mSHOW FIELDS FROM `accomplishments`[0m
  [4;35;1mSQL (0.3ms)[0m   [0mBEGIN[0m
  [4;36;1mAccomplishment Create (0.4ms)[0m   [0;1mINSERT INTO `accomplishments` (`accomplishment`, `created_at`, `updated_at`, `user_id`) VALUES('Changed Status: Doing it all', '2010-01-26 23:25:47', '2010-01-26 23:25:47', 1)[0m
  [4;35;1mSQL (0.6ms)[0m   [0mCOMMIT[0m
  [4;36;1mUser Load (0.7ms)[0m   [0;1mSELECT * FROM `users` WHERE (current_status is not null) ORDER BY first_name[0m
  [4;35;1mAccomplishment Load (0.8ms)[0m   [0mSELECT * FROM `accomplishments` WHERE (created_at > '2010-01-17 23:25:47') ORDER BY created_at DESC[0m
Completed in 506ms (View: 1, DB: 18) | 200 OK [http://localhost/set_user_current_status/1]
  [4;36;1mSQL (0.3ms)[0m   [0;1mSET NAMES 'utf8'[0m
  [4;35;1mSQL (0.5ms)[0m   [0mSET SQL_AUTO_IS_NULL=0[0m


Processing ApplicationController#refresh_everyone (for 127.0.0.1 at 2010-01-26 23:25:47) [POST]
  Parameters: {"authenticity_token"=>"MvKeEm3Jz+9ZYbg+OX/0IbZvAao4NSHrAzbc/sWmee8=", "_"=>""}
  [4;36;1mUser Columns (4.1ms)[0m   [0;1mSHOW FIELDS FROM `users`[0m
  [4;35;1mUser Load (2.2ms)[0m   [0mSELECT * FROM `users` WHERE (`users`.`id` = 1) LIMIT 1[0m
  [4;36;1mUser Load (2.7ms)[0m   [0;1mSELECT * FROM `users` WHERE (current_status is not null) ORDER BY first_name[0m
  [4;35;1mAccomplishment Load (0.7ms)[0m   [0mSELECT * FROM `accomplishments` WHERE (`accomplishments`.user_id = 1) ORDER BY created_at DESC LIMIT 6[0m
  [4;36;1mAccomplishment Columns (2.7ms)[0m   [0;1mSHOW FIELDS FROM `accomplishments`[0m
Rendered application/_everyone (23.5ms)
Completed in 62ms (View: 24, DB: 13) | 200 OK [http://localhost/refresh_everyone]
  [4;35;1mSQL (0.2ms)[0m   [0mSET NAMES 'utf8'[0m
  [4;36;1mSQL (0.2ms)[0m   [0;1mSET SQL_AUTO_IS_NULL=0[0m


Processing ApplicationController#refresh_timeline (for 127.0.0.1 at 2010-01-26 23:25:47) [POST]
  Parameters: {"authenticity_token"=>"MvKeEm3Jz+9ZYbg+OX/0IbZvAao4NSHrAzbc/sWmee8=", "_"=>""}
  [4;35;1mUser Columns (3.1ms)[0m   [0mSHOW FIELDS FROM `users`[0m
  [4;36;1mUser Load (1.2ms)[0m   [0;1mSELECT * FROM `users` WHERE (`users`.`id` = 1) LIMIT 1[0m
  [4;35;1mAccomplishment Load (0.6ms)[0m   [0mSELECT * FROM `accomplishments` WHERE (created_at > '2010-01-17 23:25:47') ORDER BY created_at DESC[0m
  [4;36;1mAccomplishment Columns (3.4ms)[0m   [0;1mSHOW FIELDS FROM `accomplishments`[0m
  [4;35;1mUser Load (0.5ms)[0m   [0mSELECT * FROM `users` WHERE (`users`.`id` = 1) [0m
Rendered application/_timeline (16.6ms)
Completed in 54ms (View: 15, DB: 9) | 200 OK [http://localhost/refresh_timeline]
  [4;36;1mSQL (0.2ms)[0m   [0;1mSET NAMES 'utf8'[0m
  [4;35;1mSQL (0.2ms)[0m   [0mSET SQL_AUTO_IS_NULL=0[0m


Processing ApplicationController#add_accomplishment (for 127.0.0.1 at 2010-01-26 23:25:57) [POST]
  Parameters: {"add_accomplishment"=>"Got the logins to work", "commit"=>"Update", "authenticity_token"=>"MvKeEm3Jz+9ZYbg+OX/0IbZvAao4NSHrAzbc/sWmee8=", "_"=>""}
  [4;36;1mUser Columns (2.6ms)[0m   [0;1mSHOW FIELDS FROM `users`[0m
  [4;35;1mUser Load (1.6ms)[0m   [0mSELECT * FROM `users` WHERE (`users`.`id` = 1) LIMIT 1[0m
  [4;36;1mAccomplishment Columns (2.1ms)[0m   [0;1mSHOW FIELDS FROM `accomplishments`[0m
  [4;35;1mSQL (0.2ms)[0m   [0mBEGIN[0m
  [4;36;1mAccomplishment Create (0.6ms)[0m   [0;1mINSERT INTO `accomplishments` (`accomplishment`, `created_at`, `updated_at`, `user_id`) VALUES('Got the logins to work', '2010-01-26 23:25:57', '2010-01-26 23:25:57', 1)[0m
  [4;35;1mSQL (0.5ms)[0m   [0mCOMMIT[0m
  [4;36;1mUser Load (1.0ms)[0m   [0;1mSELECT * FROM `users` WHERE (current_status is not null) ORDER BY first_name[0m
  [4;35;1mAccomplishment Load (0.4ms)[0m   [0mSELECT * FROM `accomplishments` WHERE (created_at > '2010-01-17 23:25:57') ORDER BY created_at DESC[0m
Rendering application/add_accomplishment
  [4;36;1mAccomplishment Load (0.7ms)[0m   [0;1mSELECT * FROM `accomplishments` WHERE (`accomplishments`.user_id = 1) ORDER BY created_at DESC LIMIT 6[0m
Rendered application/_everyone (11.2ms)
  [4;35;1mUser Load (0.5ms)[0m   [0mSELECT * FROM `users` WHERE (`users`.`id` = 1) [0m
  [4;36;1mCACHE (0.0ms)[0m   [0;1mSELECT * FROM `users` WHERE (`users`.`id` = 1) [0m
Rendered application/_timeline (4.2ms)
Completed in 219ms (View: 173, DB: 11) | 200 OK [http://localhost/add_accomplishment]
  [4;35;1mSQL (0.2ms)[0m   [0mSET NAMES 'utf8'[0m
  [4;36;1mSQL (0.2ms)[0m   [0;1mSET SQL_AUTO_IS_NULL=0[0m


Processing ApplicationController#refresh_everyone (for 127.0.0.1 at 2010-01-26 23:25:57) [POST]
  Parameters: {"authenticity_token"=>"MvKeEm3Jz+9ZYbg+OX/0IbZvAao4NSHrAzbc/sWmee8=", "_"=>""}
  [4;35;1mUser Columns (6.3ms)[0m   [0mSHOW FIELDS FROM `users`[0m
  [4;36;1mUser Load (0.6ms)[0m   [0;1mSELECT * FROM `users` WHERE (`users`.`id` = 1) LIMIT 1[0m
  [4;35;1mUser Load (0.7ms)[0m   [0mSELECT * FROM `users` WHERE (current_status is not null) ORDER BY first_name[0m
  [4;36;1mAccomplishment Load (0.8ms)[0m   [0;1mSELECT * FROM `accomplishments` WHERE (`accomplishments`.user_id = 1) ORDER BY created_at DESC LIMIT 6[0m
  [4;35;1mAccomplishment Columns (1.9ms)[0m   [0mSHOW FIELDS FROM `accomplishments`[0m
Rendered application/_everyone (23.6ms)
Completed in 64ms (View: 23, DB: 11) | 200 OK [http://localhost/refresh_everyone]
  [4;36;1mSQL (0.2ms)[0m   [0;1mSET NAMES 'utf8'[0m
  [4;35;1mSQL (0.2ms)[0m   [0mSET SQL_AUTO_IS_NULL=0[0m


Processing ApplicationController#refresh_timeline (for 127.0.0.1 at 2010-01-26 23:25:57) [POST]
  Parameters: {"authenticity_token"=>"MvKeEm3Jz+9ZYbg+OX/0IbZvAao4NSHrAzbc/sWmee8=", "_"=>""}
  [4;36;1mUser Columns (4.8ms)[0m   [0;1mSHOW FIELDS FROM `users`[0m
  [4;35;1mUser Load (1.2ms)[0m   [0mSELECT * FROM `users` WHERE (`users`.`id` = 1) LIMIT 1[0m
  [4;36;1mAccomplishment Load (0.6ms)[0m   [0;1mSELECT * FROM `accomplishments` WHERE (created_at > '2010-01-17 23:25:57') ORDER BY created_at DESC[0m
  [4;35;1mAccomplishment Columns (7.2ms)[0m   [0mSHOW FIELDS FROM `accomplishments`[0m
  [4;36;1mUser Load (0.5ms)[0m   [0;1mSELECT * FROM `users` WHERE (`users`.`id` = 1) [0m
  [4;35;1mCACHE (0.0ms)[0m   [0mSELECT * FROM `users` WHERE (`users`.`id` = 1) [0m
Rendered application/_timeline (17.7ms)
Completed in 57ms (View: 12, DB: 15) | 200 OK [http://localhost/refresh_timeline]
  [4;36;1mSQL (0.3ms)[0m   [0;1mSET NAMES 'utf8'[0m
  [4;35;1mSQL (0.5ms)[0m   [0mSET SQL_AUTO_IS_NULL=0[0m


Processing ApplicationController#refresh_everyone (for 127.0.0.1 at 2010-01-26 23:26:35) [POST]
  Parameters: {"authenticity_token"=>"MvKeEm3Jz+9ZYbg+OX/0IbZvAao4NSHrAzbc/sWmee8=", "_"=>""}
  [4;36;1mUser Columns (6.8ms)[0m   [0;1mSHOW FIELDS FROM `users`[0m
  [4;35;1mUser Load (0.5ms)[0m   [0mSELECT * FROM `users` WHERE (`users`.`id` = 1) LIMIT 1[0m
  [4;36;1mUser Load (0.6ms)[0m   [0;1mSELECT * FROM `users` WHERE (current_status is not null) ORDER BY first_name[0m
  [4;35;1mAccomplishment Load (0.6ms)[0m   [0mSELECT * FROM `accomplishments` WHERE (`accomplishments`.user_id = 1) ORDER BY created_at DESC LIMIT 6[0m
  [4;36;1mAccomplishment Columns (1.9ms)[0m   [0;1mSHOW FIELDS FROM `accomplishments`[0m
Rendered application/_everyone (21.0ms)
Completed in 54ms (View: 21, DB: 11) | 200 OK [http://localhost/refresh_everyone]
  [4;35;1mSQL (0.2ms)[0m   [0mSET NAMES 'utf8'[0m
  [4;36;1mSQL (0.5ms)[0m   [0;1mSET SQL_AUTO_IS_NULL=0[0m


Processing ApplicationController#refresh_timeline (for 127.0.0.1 at 2010-01-26 23:26:35) [POST]
  Parameters: {"authenticity_token"=>"MvKeEm3Jz+9ZYbg+OX/0IbZvAao4NSHrAzbc/sWmee8=", "_"=>""}
  [4;35;1mUser Columns (11.0ms)[0m   [0mSHOW FIELDS FROM `users`[0m
  [4;36;1mUser Load (1.8ms)[0m   [0;1mSELECT * FROM `users` WHERE (`users`.`id` = 1) LIMIT 1[0m
  [4;35;1mAccomplishment Load (0.7ms)[0m   [0mSELECT * FROM `accomplishments` WHERE (created_at > '2010-01-17 23:26:35') ORDER BY created_at DESC[0m
  [4;36;1mAccomplishment Columns (5.0ms)[0m   [0;1mSHOW FIELDS FROM `accomplishments`[0m
  [4;35;1mUser Load (0.9ms)[0m   [0mSELECT * FROM `users` WHERE (`users`.`id` = 1) [0m
  [4;36;1mCACHE (0.0ms)[0m   [0;1mSELECT * FROM `users` WHERE (`users`.`id` = 1) [0m
Rendered application/_timeline (16.1ms)
Completed in 78ms (View: 12, DB: 20) | 200 OK [http://localhost/refresh_timeline]
  [4;36;1mSQL (0.3ms)[0m   [0;1mSET NAMES 'utf8'[0m
  [4;35;1mSQL (0.2ms)[0m   [0mSET SQL_AUTO_IS_NULL=0[0m


Processing ApplicationController#index (for 127.0.0.1 at 2010-02-10 15:41:52) [GET]
  [4;36;1mUser Columns (84.2ms)[0m   [0;1mSHOW FIELDS FROM `users`[0m
  [4;35;1mUser Load (0.5ms)[0m   [0mSELECT * FROM `users` WHERE (`users`.`remember_token` = '009aa0b133c96657e0116dd2f05df813fcc3c7cc') LIMIT 1[0m
Redirected to http://localhost:3000/login
Filter chain halted as [:login_required] rendered_or_redirected.
Completed in 208ms (DB: 85) | 302 Found [http://localhost/]
  [4;36;1mSQL (0.1ms)[0m   [0;1mSET NAMES 'utf8'[0m
  [4;35;1mSQL (0.1ms)[0m   [0mSET SQL_AUTO_IS_NULL=0[0m


Processing LoginController#new (for 127.0.0.1 at 2010-02-10 15:41:52) [GET]
Rendering template within layouts/application
Rendering login/new
  [4;36;1mUser Columns (1.8ms)[0m   [0;1mSHOW FIELDS FROM `users`[0m
  [4;35;1mUser Load (0.4ms)[0m   [0mSELECT * FROM `users` WHERE (`users`.`remember_token` = '009aa0b133c96657e0116dd2f05df813fcc3c7cc') LIMIT 1[0m
Completed in 194ms (View: 190, DB: 2) | 200 OK [http://localhost/login]
  [4;36;1mSQL (0.3ms)[0m   [0;1mSET NAMES 'utf8'[0m
  [4;35;1mSQL (0.1ms)[0m   [0mSET SQL_AUTO_IS_NULL=0[0m


Processing LoginController#create (for 127.0.0.1 at 2010-02-10 15:42:00) [POST]
  Parameters: {"commit"=>"Log in", "authenticity_token"=>"ahkREqD0mUJpVfWj1LAyfFEMmKWrc1AbrMHLYgkaJUQ=", "login"=>"mike@namedpipe.net", "password"=>"testing"}
  [4;36;1mUser Columns (1.8ms)[0m   [0;1mSHOW FIELDS FROM `users`[0m
  [4;35;1mUser Load (0.4ms)[0m   [0mSELECT * FROM `users` WHERE (`users`.`email` = 'mike@namedpipe.net') LIMIT 1[0m
Rendering template within layouts/application
Rendering login/new
Completed in 19ms (View: 6, DB: 3) | 200 OK [http://localhost/login/create]
  [4;36;1mSQL (0.4ms)[0m   [0;1mSET NAMES 'utf8'[0m
  [4;35;1mSQL (0.2ms)[0m   [0mSET SQL_AUTO_IS_NULL=0[0m


Processing ApplicationController#index (for 127.0.0.1 at 2010-10-11 09:40:02) [GET]
Redirected to http://localhost:3000/login
Filter chain halted as [:login_required] rendered_or_redirected.
Completed in 19ms (DB: 1) | 302 Found [http://localhost/]
  [4;36;1mSQL (0.1ms)[0m   [0;1mSET NAMES 'utf8'[0m
  [4;35;1mSQL (0.1ms)[0m   [0mSET SQL_AUTO_IS_NULL=0[0m


Processing LoginController#new (for 127.0.0.1 at 2010-10-11 09:40:02) [GET]
Rendering template within layouts/application
Rendering login/new
Completed in 157ms (View: 156, DB: 0) | 200 OK [http://localhost/login]
  [4;36;1mSQL (0.1ms)[0m   [0;1mSET NAMES 'utf8'[0m
  [4;35;1mSQL (0.1ms)[0m   [0mSET SQL_AUTO_IS_NULL=0[0m


Processing LoginController#create (for 127.0.0.1 at 2010-10-11 09:41:52) [POST]
  Parameters: {"commit"=>"Log in", "authenticity_token"=>"WRH70HrmgpMTXjniHFcuFhJxXSRZ5JsSNf+a+7FUtJw=", "login"=>"mgorski@outsellinc.com", "password"=>"password"}
  [4;36;1mUser Columns (45.6ms)[0m   [0;1mSHOW FIELDS FROM `users`[0m
  [4;35;1mUser Load (0.4ms)[0m   [0mSELECT * FROM `users` WHERE (`users`.`email` = 'mgorski@outsellinc.com') LIMIT 1[0m
Rendering template within layouts/application
Rendering login/new
Completed in 278ms (View: 8, DB: 46) | 200 OK [http://localhost/login/create]
  [4;36;1mSQL (0.1ms)[0m   [0;1mSET NAMES 'utf8'[0m
  [4;35;1mSQL (0.1ms)[0m   [0mSET SQL_AUTO_IS_NULL=0[0m


Processing LoginController#create (for 127.0.0.1 at 2010-10-11 09:42:30) [POST]
  Parameters: {"commit"=>"Log in", "authenticity_token"=>"WRH70HrmgpMTXjniHFcuFhJxXSRZ5JsSNf+a+7FUtJw=", "login"=>"admin@company.com", "password"=>""}
  [4;36;1mUser Columns (4.5ms)[0m   [0;1mSHOW FIELDS FROM `users`[0m
  [4;35;1mUser Load (0.4ms)[0m   [0mSELECT * FROM `users` WHERE (`users`.`email` = 'admin@company.com') LIMIT 1[0m
Rendering template within layouts/application
Rendering login/new
Completed in 23ms (View: 6, DB: 5) | 200 OK [http://localhost/login/create]
  [4;36;1mSQL (0.1ms)[0m   [0;1mSET NAMES 'utf8'[0m
  [4;35;1mSQL (0.1ms)[0m   [0mSET SQL_AUTO_IS_NULL=0[0m


Processing LoginController#create (for 127.0.0.1 at 2010-10-11 09:42:36) [POST]
  Parameters: {"commit"=>"Log in", "authenticity_token"=>"WRH70HrmgpMTXjniHFcuFhJxXSRZ5JsSNf+a+7FUtJw=", "login"=>"admin@company.com", "password"=>"admin"}
  [4;36;1mUser Columns (3.7ms)[0m   [0;1mSHOW FIELDS FROM `users`[0m
  [4;35;1mUser Load (0.3ms)[0m   [0mSELECT * FROM `users` WHERE (`users`.`email` = 'admin@company.com') LIMIT 1[0m
Rendering template within layouts/application
Rendering login/new
Completed in 21ms (View: 5, DB: 4) | 200 OK [http://localhost/login/create]
  [4;36;1mSQL (0.1ms)[0m   [0;1mSET NAMES 'utf8'[0m
  [4;35;1mSQL (0.1ms)[0m   [0mSET SQL_AUTO_IS_NULL=0[0m


Processing LoginController#create (for 127.0.0.1 at 2010-10-11 09:42:43) [POST]
  Parameters: {"commit"=>"Log in", "authenticity_token"=>"WRH70HrmgpMTXjniHFcuFhJxXSRZ5JsSNf+a+7FUtJw=", "login"=>"admin@company.com", "password"=>"password"}
  [4;36;1mUser Columns (1.9ms)[0m   [0;1mSHOW FIELDS FROM `users`[0m
  [4;35;1mUser Load (0.3ms)[0m   [0mSELECT * FROM `users` WHERE (`users`.`email` = 'admin@company.com') LIMIT 1[0m
Redirected to http://localhost:3000/
Completed in 15ms (DB: 2) | 302 Found [http://localhost/login/create]
  [4;36;1mSQL (0.1ms)[0m   [0;1mSET NAMES 'utf8'[0m
  [4;35;1mSQL (0.1ms)[0m   [0mSET SQL_AUTO_IS_NULL=0[0m


Processing ApplicationController#index (for 127.0.0.1 at 2010-10-11 09:42:43) [GET]
  [4;36;1mUser Columns (2.0ms)[0m   [0;1mSHOW FIELDS FROM `users`[0m
  [4;35;1mUser Load (0.4ms)[0m   [0mSELECT * FROM `users` WHERE (`users`.`id` = 1) LIMIT 1[0m
  [4;36;1mAccomplishment Load (23.6ms)[0m   [0;1mSELECT * FROM `accomplishments` WHERE (created_at > '2010-10-02 09:42:43') ORDER BY created_at DESC[0m
  [4;35;1mUser Load (0.5ms)[0m   [0mSELECT * FROM `users` WHERE (current_status is not null) ORDER BY first_name[0m
Rendering template within layouts/application
Rendering application/index
Rendered application/_timeline (34.3ms)
  [4;36;1mAccomplishment Load (0.5ms)[0m   [0;1mSELECT * FROM `accomplishments` WHERE (`accomplishments`.user_id = 1) ORDER BY created_at DESC LIMIT 6[0m
  [4;35;1mAccomplishment Columns (1.5ms)[0m   [0mSHOW FIELDS FROM `accomplishments`[0m
Rendered application/_everyone (6.6ms)
Completed in 165ms (View: 71, DB: 29) | 200 OK [http://localhost/]
  [4;36;1mSQL (0.1ms)[0m   [0;1mSET NAMES 'utf8'[0m
  [4;35;1mSQL (0.1ms)[0m   [0mSET SQL_AUTO_IS_NULL=0[0m


Processing ApplicationController#index (for 127.0.0.1 at 2010-10-11 09:42:47) [GET]
  [4;36;1mUser Columns (4.2ms)[0m   [0;1mSHOW FIELDS FROM `users`[0m
  [4;35;1mUser Load (0.3ms)[0m   [0mSELECT * FROM `users` WHERE (`users`.`id` = 1) LIMIT 1[0m
  [4;36;1mAccomplishment Load (0.4ms)[0m   [0;1mSELECT * FROM `accomplishments` WHERE (created_at > '2010-10-02 09:42:48') ORDER BY created_at DESC[0m
  [4;35;1mUser Load (0.2ms)[0m   [0mSELECT * FROM `users` WHERE (current_status is not null) ORDER BY first_name[0m
Rendering template within layouts/application
Rendering application/index
Rendered application/_timeline (0.1ms)
  [4;36;1mAccomplishment Load (0.4ms)[0m   [0;1mSELECT * FROM `accomplishments` WHERE (`accomplishments`.user_id = 1) ORDER BY created_at DESC LIMIT 6[0m
  [4;35;1mAccomplishment Columns (4.2ms)[0m   [0mSHOW FIELDS FROM `accomplishments`[0m
Rendered application/_everyone (91.5ms)
Completed in 123ms (View: 97, DB: 10) | 200 OK [http://localhost/]
  [4;36;1mSQL (0.1ms)[0m   [0;1mSET NAMES 'utf8'[0m
  [4;35;1mSQL (0.1ms)[0m   [0mSET SQL_AUTO_IS_NULL=0[0m


Processing ApplicationController#add_accomplishment (for 127.0.0.1 at 2010-10-11 09:43:07) [POST]
  Parameters: {"add_accomplishment"=>"Setting up something", "commit"=>"Update", "authenticity_token"=>"WRH70HrmgpMTXjniHFcuFhJxXSRZ5JsSNf+a+7FUtJw=", "_"=>""}
  [4;36;1mUser Columns (3.5ms)[0m   [0;1mSHOW FIELDS FROM `users`[0m
  [4;35;1mUser Load (0.3ms)[0m   [0mSELECT * FROM `users` WHERE (`users`.`id` = 1) LIMIT 1[0m
  [4;36;1mAccomplishment Columns (1.7ms)[0m   [0;1mSHOW FIELDS FROM `accomplishments`[0m
  [4;35;1mSQL (0.1ms)[0m   [0mBEGIN[0m
  [4;36;1mAccomplishment Create (0.3ms)[0m   [0;1mINSERT INTO `accomplishments` (`accomplishment`, `created_at`, `updated_at`, `user_id`) VALUES('Setting up something', '2010-10-11 09:43:07', '2010-10-11 09:43:07', 1)[0m
  [4;35;1mSQL (0.4ms)[0m   [0mCOMMIT[0m
  [4;36;1mUser Load (0.3ms)[0m   [0;1mSELECT * FROM `users` WHERE (current_status is not null) ORDER BY first_name[0m
  [4;35;1mAccomplishment Load (0.3ms)[0m   [0mSELECT * FROM `accomplishments` WHERE (created_at > '2010-10-02 09:43:07') ORDER BY created_at DESC[0m
Rendering application/add_accomplishment
  [4;36;1mAccomplishment Load (0.4ms)[0m   [0;1mSELECT * FROM `accomplishments` WHERE (`accomplishments`.user_id = 1) ORDER BY created_at DESC LIMIT 6[0m
Rendered application/_everyone (5.2ms)
  [4;35;1mUser Load (0.3ms)[0m   [0mSELECT * FROM `users` WHERE (`users`.`id` = 1) [0m
Rendered application/_timeline (1.6ms)
Completed in 65ms (View: 39, DB: 8) | 200 OK [http://localhost/add_accomplishment]
  [4;36;1mSQL (0.1ms)[0m   [0;1mSET NAMES 'utf8'[0m
  [4;35;1mSQL (0.1ms)[0m   [0mSET SQL_AUTO_IS_NULL=0[0m


Processing ApplicationController#refresh_everyone (for 127.0.0.1 at 2010-10-11 09:43:07) [POST]
  Parameters: {"authenticity_token"=>"WRH70HrmgpMTXjniHFcuFhJxXSRZ5JsSNf+a+7FUtJw=", "_"=>""}
  [4;36;1mUser Columns (1.9ms)[0m   [0;1mSHOW FIELDS FROM `users`[0m
  [4;35;1mUser Load (0.3ms)[0m   [0mSELECT * FROM `users` WHERE (`users`.`id` = 1) LIMIT 1[0m
  [4;36;1mUser Load (0.4ms)[0m   [0;1mSELECT * FROM `users` WHERE (current_status is not null) ORDER BY first_name[0m
  [4;35;1mAccomplishment Load (0.5ms)[0m   [0mSELECT * FROM `accomplishments` WHERE (`accomplishments`.user_id = 1) ORDER BY created_at DESC LIMIT 6[0m
  [4;36;1mAccomplishment Columns (1.2ms)[0m   [0;1mSHOW FIELDS FROM `accomplishments`[0m
Rendered application/_everyone (13.9ms)
Completed in 28ms (View: 14, DB: 4) | 200 OK [http://localhost/refresh_everyone]
  [4;35;1mSQL (0.1ms)[0m   [0mSET NAMES 'utf8'[0m
  [4;36;1mSQL (0.1ms)[0m   [0;1mSET SQL_AUTO_IS_NULL=0[0m


Processing ApplicationController#refresh_timeline (for 127.0.0.1 at 2010-10-11 09:43:07) [POST]
  Parameters: {"authenticity_token"=>"WRH70HrmgpMTXjniHFcuFhJxXSRZ5JsSNf+a+7FUtJw=", "_"=>""}
  [4;35;1mUser Columns (1.5ms)[0m   [0mSHOW FIELDS FROM `users`[0m
  [4;36;1mUser Load (0.3ms)[0m   [0;1mSELECT * FROM `users` WHERE (`users`.`id` = 1) LIMIT 1[0m
  [4;35;1mAccomplishment Load (0.4ms)[0m   [0mSELECT * FROM `accomplishments` WHERE (created_at > '2010-10-02 09:43:07') ORDER BY created_at DESC[0m
  [4;36;1mAccomplishment Columns (1.6ms)[0m   [0;1mSHOW FIELDS FROM `accomplishments`[0m
  [4;35;1mUser Load (0.4ms)[0m   [0mSELECT * FROM `users` WHERE (`users`.`id` = 1) [0m
Rendered application/_timeline (6.0ms)
Completed in 24ms (View: 5, DB: 4) | 200 OK [http://localhost/refresh_timeline]
  [4;36;1mSQL (0.1ms)[0m   [0;1mSET NAMES 'utf8'[0m
  [4;35;1mSQL (0.1ms)[0m   [0mSET SQL_AUTO_IS_NULL=0[0m


Processing ApplicationController#set_user_current_status (for 127.0.0.1 at 2010-10-11 09:43:24) [POST]
  Parameters: {"authenticity_token"=>"WRH70HrmgpMTXjniHFcuFhJxXSRZ5JsSNf+a+7FUtJw=", "id"=>"1", "value"=>"Awesom", "_"=>"", "editorId"=>"user_current_status_1_in_place_editor"}
  [4;36;1mUser Columns (4.5ms)[0m   [0;1mSHOW FIELDS FROM `users`[0m
  [4;35;1mUser Load (0.4ms)[0m   [0mSELECT * FROM `users` WHERE (`users`.`id` = 1) LIMIT 1[0m
  [4;36;1mSQL (0.1ms)[0m   [0;1mBEGIN[0m
  [4;35;1mUser Load (0.6ms)[0m   [0mSELECT `users`.id FROM `users` WHERE (LOWER(`users`.`email`) = BINARY 'admin@company.com' AND `users`.id <> 1) LIMIT 1[0m
  [4;36;1mUser Update (0.3ms)[0m   [0;1mUPDATE `users` SET `updated_at` = '2010-10-11 09:43:24', `current_status` = 'Awesom' WHERE `id` = 1[0m
  [4;35;1mSQL (2.8ms)[0m   [0mCOMMIT[0m
  [4;36;1mAccomplishment Columns (1.2ms)[0m   [0;1mSHOW FIELDS FROM `accomplishments`[0m
  [4;35;1mSQL (0.1ms)[0m   [0mBEGIN[0m
  [4;36;1mAccomplishment Create (0.3ms)[0m   [0;1mINSERT INTO `accomplishments` (`accomplishment`, `created_at`, `updated_at`, `user_id`) VALUES('Changed Status: Awesom', '2010-10-11 09:43:24', '2010-10-11 09:43:24', 1)[0m
  [4;35;1mSQL (0.4ms)[0m   [0mCOMMIT[0m
  [4;36;1mUser Load (0.3ms)[0m   [0;1mSELECT * FROM `users` WHERE (current_status is not null) ORDER BY first_name[0m
  [4;35;1mAccomplishment Load (0.2ms)[0m   [0mSELECT * FROM `accomplishments` WHERE (created_at > '2010-10-02 09:43:24') ORDER BY created_at DESC[0m
Completed in 294ms (View: 1, DB: 11) | 200 OK [http://localhost/set_user_current_status/1]
  [4;36;1mSQL (0.1ms)[0m   [0;1mSET NAMES 'utf8'[0m
  [4;35;1mSQL (0.1ms)[0m   [0mSET SQL_AUTO_IS_NULL=0[0m


Processing ApplicationController#refresh_everyone (for 127.0.0.1 at 2010-10-11 09:43:24) [POST]
  Parameters: {"authenticity_token"=>"WRH70HrmgpMTXjniHFcuFhJxXSRZ5JsSNf+a+7FUtJw=", "_"=>""}
  [4;36;1mUser Columns (1.9ms)[0m   [0;1mSHOW FIELDS FROM `users`[0m
  [4;35;1mUser Load (0.3ms)[0m   [0mSELECT * FROM `users` WHERE (`users`.`id` = 1) LIMIT 1[0m
  [4;36;1mUser Load (0.3ms)[0m   [0;1mSELECT * FROM `users` WHERE (current_status is not null) ORDER BY first_name[0m
  [4;35;1mAccomplishment Load (1.0ms)[0m   [0mSELECT * FROM `accomplishments` WHERE (`accomplishments`.user_id = 1) ORDER BY created_at DESC LIMIT 6[0m
  [4;36;1mAccomplishment Columns (1.4ms)[0m   [0;1mSHOW FIELDS FROM `accomplishments`[0m
Rendered application/_everyone (15.0ms)
Completed in 29ms (View: 14, DB: 5) | 200 OK [http://localhost/refresh_everyone]
  [4;35;1mSQL (0.1ms)[0m   [0mSET NAMES 'utf8'[0m
  [4;36;1mSQL (0.1ms)[0m   [0;1mSET SQL_AUTO_IS_NULL=0[0m


Processing ApplicationController#refresh_timeline (for 127.0.0.1 at 2010-10-11 09:43:24) [POST]
  Parameters: {"authenticity_token"=>"WRH70HrmgpMTXjniHFcuFhJxXSRZ5JsSNf+a+7FUtJw=", "_"=>""}
  [4;35;1mUser Columns (2.2ms)[0m   [0mSHOW FIELDS FROM `users`[0m
  [4;36;1mUser Load (0.3ms)[0m   [0;1mSELECT * FROM `users` WHERE (`users`.`id` = 1) LIMIT 1[0m
  [4;35;1mAccomplishment Load (0.4ms)[0m   [0mSELECT * FROM `accomplishments` WHERE (created_at > '2010-10-02 09:43:24') ORDER BY created_at DESC[0m
  [4;36;1mAccomplishment Columns (1.5ms)[0m   [0;1mSHOW FIELDS FROM `accomplishments`[0m
  [4;35;1mUser Load (0.3ms)[0m   [0mSELECT * FROM `users` WHERE (`users`.`id` = 1) [0m
  [4;36;1mCACHE (0.0ms)[0m   [0;1mSELECT * FROM `users` WHERE (`users`.`id` = 1) [0m
Rendered application/_timeline (6.4ms)
Completed in 26ms (View: 6, DB: 5) | 200 OK [http://localhost/refresh_timeline]
  [4;35;1mSQL (0.1ms)[0m   [0mSET NAMES 'utf8'[0m
  [4;36;1mSQL (0.1ms)[0m   [0;1mSET SQL_AUTO_IS_NULL=0[0m


Processing ApplicationController#refresh_everyone (for 127.0.0.1 at 2010-10-11 09:43:48) [POST]
  Parameters: {"authenticity_token"=>"WRH70HrmgpMTXjniHFcuFhJxXSRZ5JsSNf+a+7FUtJw=", "_"=>""}
  [4;35;1mUser Columns (1.9ms)[0m   [0mSHOW FIELDS FROM `users`[0m
  [4;36;1mUser Load (0.3ms)[0m   [0;1mSELECT * FROM `users` WHERE (`users`.`id` = 1) LIMIT 1[0m
  [4;35;1mUser Load (0.3ms)[0m   [0mSELECT * FROM `users` WHERE (current_status is not null) ORDER BY first_name[0m
  [4;36;1mAccomplishment Load (0.4ms)[0m   [0;1mSELECT * FROM `accomplishments` WHERE (`accomplishments`.user_id = 1) ORDER BY created_at DESC LIMIT 6[0m
  [4;35;1mAccomplishment Columns (2.0ms)[0m   [0mSHOW FIELDS FROM `accomplishments`[0m
Rendered application/_everyone (12.4ms)
Completed in 26ms (View: 11, DB: 5) | 200 OK [http://localhost/refresh_everyone]
  [4;36;1mSQL (0.1ms)[0m   [0;1mSET NAMES 'utf8'[0m
  [4;35;1mSQL (0.2ms)[0m   [0mSET SQL_AUTO_IS_NULL=0[0m


Processing ApplicationController#refresh_timeline (for 127.0.0.1 at 2010-10-11 09:43:48) [POST]
  Parameters: {"authenticity_token"=>"WRH70HrmgpMTXjniHFcuFhJxXSRZ5JsSNf+a+7FUtJw=", "_"=>""}
  [4;36;1mUser Columns (2.2ms)[0m   [0;1mSHOW FIELDS FROM `users`[0m
  [4;35;1mUser Load (1.4ms)[0m   [0mSELECT * FROM `users` WHERE (`users`.`id` = 1) LIMIT 1[0m
  [4;36;1mAccomplishment Load (0.4ms)[0m   [0;1mSELECT * FROM `accomplishments` WHERE (created_at > '2010-10-02 09:43:48') ORDER BY created_at DESC[0m
  [4;35;1mAccomplishment Columns (3.3ms)[0m   [0mSHOW FIELDS FROM `accomplishments`[0m
  [4;36;1mUser Load (0.8ms)[0m   [0;1mSELECT * FROM `users` WHERE (`users`.`id` = 1) [0m
  [4;35;1mCACHE (0.0ms)[0m   [0mSELECT * FROM `users` WHERE (`users`.`id` = 1) [0m
Rendered application/_timeline (10.9ms)
Completed in 30ms (View: 8, DB: 8) | 200 OK [http://localhost/refresh_timeline]
  [4;36;1mSQL (0.1ms)[0m   [0;1mSET NAMES 'utf8'[0m
  [4;35;1mSQL (0.1ms)[0m   [0mSET SQL_AUTO_IS_NULL=0[0m


Processing ApplicationController#index (for 127.0.0.1 at 2010-10-11 09:44:15) [GET]
  [4;36;1mUser Columns (4.9ms)[0m   [0;1mSHOW FIELDS FROM `users`[0m
  [4;35;1mUser Load (0.3ms)[0m   [0mSELECT * FROM `users` WHERE (`users`.`id` = 1) LIMIT 1[0m
  [4;36;1mAccomplishment Load (0.4ms)[0m   [0;1mSELECT * FROM `accomplishments` WHERE (created_at > '2010-10-02 09:44:15') ORDER BY created_at DESC[0m
  [4;35;1mUser Load (0.3ms)[0m   [0mSELECT * FROM `users` WHERE (current_status is not null) ORDER BY first_name[0m
Rendering template within layouts/application
Rendering application/index
  [4;36;1mAccomplishment Columns (6.1ms)[0m   [0;1mSHOW FIELDS FROM `accomplishments`[0m
  [4;35;1mUser Load (0.3ms)[0m   [0mSELECT * FROM `users` WHERE (`users`.`id` = 1) [0m
  [4;36;1mCACHE (0.0ms)[0m   [0;1mSELECT * FROM `users` WHERE (`users`.`id` = 1) [0m
Rendered application/_timeline (9.6ms)
  [4;35;1mAccomplishment Load (0.5ms)[0m   [0mSELECT * FROM `accomplishments` WHERE (`accomplishments`.user_id = 1) ORDER BY created_at DESC LIMIT 6[0m
Rendered application/_everyone (4.0ms)
Completed in 46ms (View: 16, DB: 13) | 200 OK [http://localhost/]
  [4;36;1mSQL (0.1ms)[0m   [0;1mSET NAMES 'utf8'[0m
  [4;35;1mSQL (0.1ms)[0m   [0mSET SQL_AUTO_IS_NULL=0[0m


Processing ApplicationController#index (for 127.0.0.1 at 2010-10-11 09:44:36) [GET]
  [4;36;1mUser Columns (2.0ms)[0m   [0;1mSHOW FIELDS FROM `users`[0m
  [4;35;1mUser Load (1.5ms)[0m   [0mSELECT * FROM `users` WHERE (`users`.`id` = 1) LIMIT 1[0m
  [4;36;1mAccomplishment Load (0.4ms)[0m   [0;1mSELECT * FROM `accomplishments` WHERE (created_at > '2010-10-02 09:44:36') ORDER BY created_at DESC[0m
  [4;35;1mUser Load (0.2ms)[0m   [0mSELECT * FROM `users` WHERE (current_status is not null) ORDER BY first_name[0m
Rendering template within layouts/application
Rendering application/index
  [4;36;1mAccomplishment Columns (2.6ms)[0m   [0;1mSHOW FIELDS FROM `accomplishments`[0m
  [4;35;1mUser Load (0.3ms)[0m   [0mSELECT * FROM `users` WHERE (`users`.`id` = 1) [0m
  [4;36;1mCACHE (0.0ms)[0m   [0;1mSELECT * FROM `users` WHERE (`users`.`id` = 1) [0m
Rendered application/_timeline (6.1ms)
  [4;35;1mAccomplishment Load (0.4ms)[0m   [0mSELECT * FROM `accomplishments` WHERE (`accomplishments`.user_id = 1) ORDER BY created_at DESC LIMIT 6[0m
Rendered application/_everyone (3.8ms)
Completed in 40ms (View: 16, DB: 8) | 200 OK [http://localhost/]
  [4;36;1mSQL (0.1ms)[0m   [0;1mSET NAMES 'utf8'[0m
  [4;35;1mSQL (0.1ms)[0m   [0mSET SQL_AUTO_IS_NULL=0[0m


Processing ApplicationController#index (for 127.0.0.1 at 2010-10-11 09:45:35) [GET]
  [4;36;1mUser Columns (4.8ms)[0m   [0;1mSHOW FIELDS FROM `users`[0m
  [4;35;1mUser Load (0.3ms)[0m   [0mSELECT * FROM `users` WHERE (`users`.`id` = 1) LIMIT 1[0m
  [4;36;1mAccomplishment Load (0.4ms)[0m   [0;1mSELECT * FROM `accomplishments` WHERE (created_at > '2010-10-02 09:45:35') ORDER BY created_at DESC[0m
  [4;35;1mUser Load (0.2ms)[0m   [0mSELECT * FROM `users` WHERE (current_status is not null) ORDER BY first_name[0m
Rendering template within layouts/application
Rendering application/index
  [4;36;1mAccomplishment Columns (1.6ms)[0m   [0;1mSHOW FIELDS FROM `accomplishments`[0m
  [4;35;1mUser Load (0.3ms)[0m   [0mSELECT * FROM `users` WHERE (`users`.`id` = 1) [0m
  [4;36;1mCACHE (0.0ms)[0m   [0;1mSELECT * FROM `users` WHERE (`users`.`id` = 1) [0m
Rendered application/_timeline (5.2ms)
  [4;35;1mAccomplishment Load (0.4ms)[0m   [0mSELECT * FROM `accomplishments` WHERE (`accomplishments`.user_id = 1) ORDER BY created_at DESC LIMIT 6[0m
Rendered application/_everyone (3.9ms)
Completed in 41ms (View: 17, DB: 8) | 200 OK [http://localhost/]
